<?xml version="1.0" encoding="UTF-8"?>
<testng-results ignored="0" total="1" passed="1" failed="0" skipped="0">
  <reporter-output>
  </reporter-output>
  <suite started-at="2025-10-16T13:10:34 IST" name="Default suite" finished-at="2025-10-16T13:11:09 IST" duration-ms="34213">
    <groups>
    </groups>
    <test started-at="2025-10-16T13:10:34 IST" name="Default test" finished-at="2025-10-16T13:11:09 IST" duration-ms="34213">
      <class name="contacts.TC_VT_002_CreateContacts_Test">
        <test-method is-config="true" signature="reportConfiguration()[pri:0, instance:contacts.TC_VT_002_CreateContacts_Test@1f2586d6]" started-at="2025-10-16T13:10:34 IST" name="reportConfiguration" finished-at="2025-10-16T13:10:34 IST" duration-ms="538" status="PASS">
          <reporter-output>
          </reporter-output>
        </test-method> <!-- reportConfiguration -->
        <test-method is-config="true" signature="openBrowser()[pri:0, instance:contacts.TC_VT_002_CreateContacts_Test@1f2586d6]" started-at="2025-10-16T13:10:34 IST" name="openBrowser" finished-at="2025-10-16T13:10:41 IST" duration-ms="6834" status="PASS">
          <reporter-output>
          </reporter-output>
        </test-method> <!-- openBrowser -->
        <test-method is-config="true" signature="login()[pri:0, instance:contacts.TC_VT_002_CreateContacts_Test@1f2586d6]" started-at="2025-10-16T13:10:41 IST" name="login" finished-at="2025-10-16T13:10:47 IST" duration-ms="5714" status="PASS">
          <reporter-output>
          </reporter-output>
        </test-method> <!-- login -->
        <test-method signature="createContact()[pri:0, instance:contacts.TC_VT_002_CreateContacts_Test@1f2586d6]" started-at="2025-10-16T13:10:47 IST" name="createContact" finished-at="2025-10-16T13:11:06 IST" duration-ms="18638" status="PASS">
          <reporter-output>
          </reporter-output>
        </test-method> <!-- createContact -->
        <test-method is-config="true" signature="logout()[pri:0, instance:contacts.TC_VT_002_CreateContacts_Test@1f2586d6]" started-at="2025-10-16T13:11:06 IST" name="logout" finished-at="2025-10-16T13:11:08 IST" duration-ms="2575" status="PASS">
          <reporter-output>
          </reporter-output>
        </test-method> <!-- logout -->
        <test-method is-config="true" signature="closeBrowser()[pri:0, instance:contacts.TC_VT_002_CreateContacts_Test@1f2586d6]" started-at="2025-10-16T13:11:08 IST" name="closeBrowser" finished-at="2025-10-16T13:11:09 IST" duration-ms="334" status="PASS">
          <reporter-output>
          </reporter-output>
        </test-method> <!-- closeBrowser -->
        <test-method is-config="true" signature="reportBackup()[pri:0, instance:contacts.TC_VT_002_CreateContacts_Test@1f2586d6]" started-at="2025-10-16T13:11:09 IST" name="reportBackup" finished-at="2025-10-16T13:11:09 IST" duration-ms="577" status="PASS">
          <reporter-output>
          </reporter-output>
        </test-method> <!-- reportBackup -->
      </class> <!-- contacts.TC_VT_002_CreateContacts_Test -->
    </test> <!-- Default test -->
  </suite> <!-- Default suite -->
</testng-results>
