<?xml version="1.0" encoding="UTF-8"?>
<testng-results ignored="0" total="1" passed="1" failed="0" skipped="0">
  <reporter-output>
  </reporter-output>
  <suite started-at="2025-10-16T22:04:20 IST" name="Default suite" finished-at="2025-10-16T22:04:46 IST" duration-ms="26063">
    <groups>
    </groups>
    <test started-at="2025-10-16T22:04:20 IST" name="Default test" finished-at="2025-10-16T22:04:46 IST" duration-ms="26063">
      <class name="organization.Tc_VT_002_CreateOrganization_Test">
        <test-method is-config="true" signature="reportConfiguration()[pri:0, instance:organization.Tc_VT_002_CreateOrganization_Test@1f2586d6]" started-at="2025-10-16T22:04:20 IST" name="reportConfiguration" finished-at="2025-10-16T22:04:20 IST" duration-ms="590" status="PASS">
          <reporter-output>
          </reporter-output>
        </test-method> <!-- reportConfiguration -->
        <test-method is-config="true" signature="openBrowser()[pri:0, instance:organization.Tc_VT_002_CreateOrganization_Test@1f2586d6]" started-at="2025-10-16T22:04:20 IST" name="openBrowser" finished-at="2025-10-16T22:04:27 IST" duration-ms="6709" status="PASS">
          <reporter-output>
          </reporter-output>
        </test-method> <!-- openBrowser -->
        <test-method is-config="true" signature="login()[pri:0, instance:organization.Tc_VT_002_CreateOrganization_Test@1f2586d6]" started-at="2025-10-16T22:04:27 IST" name="login" finished-at="2025-10-16T22:04:31 IST" duration-ms="3896" status="PASS">
          <reporter-output>
          </reporter-output>
        </test-method> <!-- login -->
        <test-method signature="createOrganization()[pri:0, instance:organization.Tc_VT_002_CreateOrganization_Test@1f2586d6]" started-at="2025-10-16T22:04:31 IST" name="createOrganization" finished-at="2025-10-16T22:04:44 IST" duration-ms="13298" status="PASS">
          <reporter-output>
          </reporter-output>
        </test-method> <!-- createOrganization -->
        <test-method is-config="true" signature="logout()[pri:0, instance:organization.Tc_VT_002_CreateOrganization_Test@1f2586d6]" started-at="2025-10-16T22:04:44 IST" name="logout" finished-at="2025-10-16T22:04:46 IST" duration-ms="1656" status="PASS">
          <reporter-output>
          </reporter-output>
        </test-method> <!-- logout -->
        <test-method is-config="true" signature="closeBrowser()[pri:0, instance:organization.Tc_VT_002_CreateOrganization_Test@1f2586d6]" started-at="2025-10-16T22:04:46 IST" name="closeBrowser" finished-at="2025-10-16T22:04:46 IST" duration-ms="415" status="PASS">
          <reporter-output>
          </reporter-output>
        </test-method> <!-- closeBrowser -->
        <test-method is-config="true" signature="reportBackup()[pri:0, instance:organization.Tc_VT_002_CreateOrganization_Test@1f2586d6]" started-at="2025-10-16T22:04:46 IST" name="reportBackup" finished-at="2025-10-16T22:04:47 IST" duration-ms="643" status="PASS">
          <reporter-output>
          </reporter-output>
        </test-method> <!-- reportBackup -->
      </class> <!-- organization.Tc_VT_002_CreateOrganization_Test -->
    </test> <!-- Default test -->
  </suite> <!-- Default suite -->
</testng-results>
